2011-11-22 10:17:03,140 INFO  [DefaultSoapUICore] initialized soapui-settings from [C:\Documents and Settings\Administrator\soapui-settings.xml]
2011-11-22 10:17:09,093 INFO  [WsdlProject] Loaded project from [file:/C:/workspace/osb-cookbook/trunk/book-handout/chapter-9/getting-ready/misc/CreditCardInfoServiceCRM-soapui-project.2011-11-22 10:17:10,468 INFO  [SoapUIMockServiceRunner] Running MockService [CustomerServiceSOAP MockService] in project [CustomerServiceFromCRM]
2011-11-22 10:17:10,468 INFO  [SoapUIMockServiceRunner] Press any key to terminate
2011-11-22 10:17:11,905 INFO  [SchemaUtils] Added default schema from file:/C:/Program%20Files/eviware/soapUI-4.0.0/bin/soapui-4.0.0.jar!/com/eviware/soapui/resources/xsds/xop.xsd with targetNamespace http://www.w3.org/2004/08/xop/include
2011-11-22 10:17:11,999 INFO  [SchemaUtils] Added default schema from file:/C:/Program%20Files/eviware/soapUI-4.0.0/bin/soapui-4.0.0.jar!/com/eviware/soapui/resources/xsds/XMLSchema.xsd with targetNamespace http://www.w3.org/2001/XMLSchema
2011-11-22 10:17:12011-11-22 10:17:12,015 INFO  [SchemaUtils] Added default schema from file:/C:/Program%20Files/eviware/soapUI-4.0.0/bin/soapui-4.0.0.jar!/com/eviware/soapui/resources/xsds/xml.xsd with targetNamespace http://www.w3.org/XML/1998/namespace
2011-11-22 10:17:12,030 INFO  [SchemaUtils] Added default schema from file:/C:/Program%20Files/eviware/soapUI-4.0.0/bin/soapui-4.0.0.jar!/com/eviware/soapui/resources/xsds/swaref.xsd with targetNamespace http://ws-i.org/profiles/basic/1.1/xsd
2011-11-22 10:17:12,030 INFO  [SchemaUtils] Added default schema from file:/C:/Program%20Files/eviware/soapUI-4.0.0/bin/soapui-4.0.0.jar!/com/eviware/soapui/resources/xsds/xmime200505.xsd with targetNamespace http://www.w3.org/2005/05/xmlmime
2011-11-22 10:17:12,030 INFO  [SchemaUtils] Added default schema from file:/C:/Program%20Files/eviware/soapUI-4.0.0/bin/soapui-4.0.0.jar!/com/eviware/soapui/resources/xsds/xmime200411.xsd with targetNamespace http://www.w3.org2011-11-22 10:17:12,015 INFO  [SchemaUtils] Added default schema from file:/C:/Program%20Files/eviware/soapUI-4.0.0/bin/soapui-4.0.0.jar!/com/eviware/soapui/resources/xsds/soapEnvelope.xsd with targetNamespace http://schemas.xmlsoap.org/soap/envelope/
2011-11-22 10:17:12,109 INFO  [SchemaUtils] Added default schema from file:/C:/Program%20Files/eviware/soapUI-4.0.0/bin/soapui-4.0.0.jar!/com/eviware/soapui/resources/xsds/soapEncoding.xsd with targetNamespace http://schemas.xmlsoap.org/soap/encoding/
2011-11-22 10:17:12,124 INFO  [SchemaUtils] Added default schema from file:/C:/Program%20Files/eviware/soapUI-4.0.0/bin/soapui-4.0.0.jar!/com/eviware/soapui/resources/xsds/soapEnvelope12.xsd with targetNamespace http://www.w3.org/2003/05/soap-envelope
2011-11-22 10:17:12,124 INFO  [SchemaUtils] Added default schema from file:/C:/Program%20Files/eviware/soapUI-4.0.0/bin/soapui-4.0.0.jar!/com/eviware/soapui/resources/xsds/soapEncoding12.xsd with targetNamespace http://www.w3.org/2003/05/soap-encoding
2011-11-22 10:17:12,234 INFO  [SchemaUtils] Loading schema types from [file:/C:/workspace/osb-cookbook/trunk/book-handout/chapter-9/getting-ready/misc/CustomerServiceFromCRM.wsdl]
2011-11-22 10:17:12,234 INFO  [SchemaUtils] Getting schema file:/C:/workspace/osb-cookbook/trunk/book-handout/chapter-9/getting-ready/misc/CustomerServiceFromCRM.wsdl
2011-11-22 10:17:13,234 INFO  [WsdlMockRunner] Mounted WSDL for interface [CustomerServiceSOAP] at [/mockCustomerServiceSOAP?WSDL]
2011-11-22 10:17:13,421 INFO  [jet2011-11-22 10:17:13,421 INFO  [jetty] Logging to com.eviware.soapui.support.log.JettyLogger@d2b918 via com.eviwar2011-11-22 10:17:13,718 INFO  [jetty] jetty-6.1.x
2011-11-22 10:17:13,999 INFO  [jet2011-11-22 10:17:14,030 INFO  [jetty] Started JettyMockEngine$SoapUIConnector@0.0.0.0:8090
2011-11-22 10:17:14,030 INFO  [JettyMockEngine] Started mockService [CreditCardInfoServiceSOAP MockService] on port [8090] at path [/mockCreditCardInfoServiceSOAP]
2011-11-22 10:17:14,030 INFO  [SoapUIMockServiceRunner] MockService started on port 8090 at path [/mockCreditCardInfoServiceSOAP]
2011-11-22 10:17:14,032011-11-22 10:18:18,749 INFO  [SoapUIMockServiceRunn2011-11-22 10:18:19,062 INFO  [SoapUIMockServiceRunner] Handled request 1; [RetrieveCreditCardById] with [Resp2011-11-22 10:20:11,437 INFO  [SoapUIMockService2011-11-22 10:20:11,468 INFO  [SoapUIMockServiceRunner] Handled request 2; [RetrieveCreditCardById] with [Response 1] in [0ms] at [2011-11-22 10:20:11.452]
